# JRE version: OpenJDK Runtime Environment Temurin-17.0.6+10 (17.0.6+10) (build 17.0.6+10)
# Java VM: OpenJDK 64-Bit Server VM Temurin-17.0.6+10 (17.0.6+10, mixed mode, emulated-client, tiered, compressed oops, compressed class ptrs, g1 gc, windows-amd64)
GC Precious Log:
 CPUs: 4 total, 4 available
 Memory: 8086M
 Large Page Support: Disabled
 NUMA Support: Disabled
 Compressed Oops: Enabled (32-bit)
 Heap Region Size: 1M
 Heap Min Capacity: 8M
 Heap Initial Capacity: 128M
 Heap Max Capacity: 1G
 Pre-touch: Disabled
 Parallel Workers: 4
 Concurrent Workers: 1
 Concurrent Refinement Workers: 4
 Periodic GC: Disabled
Heap:
 garbage-first heap   total 86016K, used 25515K [0x00000000c0000000, 0x0000000100000000)
  region size 1024K, 1 young (1024K), 0 survivors (0K)
 Metaspace       used 46335K, committed 46720K, reserved 1089536K
  class space    used 6642K, committed 6784K, reserved 1048576K
GC Heap History (20 events):
Event: 171958.911 GC heap before
{Heap before GC invocations=16855 (full 16807):
 garbage-first heap   total 86016K, used 25515K [0x00000000c0000000, 0x0000000100000000)
  region size 1024K, 1 young (1024K), 0 survivors (0K)
 Metaspace       used 46335K, committed 46720K, reserved 1089536K
  class space    used 6642K, committed 6784K, reserved 1048576K
}
Event: 171958.948 GC heap after
{Heap after GC invocations=16856 (full 16808):
 garbage-first heap   total 86016K, used 25515K [0x00000000c0000000, 0x0000000100000000)
  region size 1024K, 0 young (0K), 0 survivors (0K)
 Metaspace       used 46335K, committed 46720K, reserved 1089536K
  class space    used 6642K, committed 6784K, reserved 1048576K
}
Event: 171969.132 GC heap before
{Heap before GC invocations=16856 (full 16808):
 garbage-first heap   total 86016K, used 25515K [0x00000000c0000000, 0x0000000100000000)
  region size 1024K, 1 young (1024K), 0 survivors (0K)
 Metaspace       used 46335K, committed 46720K, reserved 1089536K
  class space    used 6642K, committed 6784K, reserved 1048576K
}
Event: 171969.176 GC heap after
{Heap after GC invocations=16857 (full 16809):
 garbage-first heap   total 86016K, used 25515K [0x00000000c0000000, 0x0000000100000000)
  region size 1024K, 0 young (0K), 0 survivors (0K)
 Metaspace       used 46335K, committed 46720K, reserved 1089536K
  class space    used 6642K, committed 6784K, reserved 1048576K
}
Event: 171979.322 GC heap before
{Heap before GC invocations=16857 (full 16809):
 garbage-first heap   total 86016K, used 25515K [0x00000000c0000000, 0x0000000100000000)
  region size 1024K, 1 young (1024K), 0 survivors (0K)
 Metaspace       used 46335K, committed 46720K, reserved 1089536K
  class space    used 6642K, committed 6784K, reserved 1048576K
}
Event: 171979.359 GC heap after
{Heap after GC invocations=16858 (full 16810):
 garbage-first heap   total 86016K, used 25515K [0x00000000c0000000, 0x0000000100000000)
  region size 1024K, 0 young (0K), 0 survivors (0K)
 Metaspace       used 46335K, committed 46720K, reserved 1089536K
  class space    used 6642K, committed 6784K, reserved 1048576K
}
Event: 171989.517 GC heap before
{Heap before GC invocations=16858 (full 16810):
 garbage-first heap   total 86016K, used 25515K [0x00000000c0000000, 0x0000000100000000)
  region size 1024K, 1 young (1024K), 0 survivors (0K)
 Metaspace       used 46335K, committed 46720K, reserved 1089536K
  class space    used 6642K, committed 6784K, reserved 1048576K
}
Event: 171989.551 GC heap after
{Heap after GC invocations=16859 (full 16811):
 garbage-first heap   total 86016K, used 25515K [0x00000000c0000000, 0x0000000100000000)
  region size 1024K, 0 young (0K), 0 survivors (0K)
 Metaspace       used 46335K, committed 46720K, reserved 1089536K
  class space    used 6642K, committed 6784K, reserved 1048576K
}
Event: 171999.699 GC heap before
{Heap before GC invocations=16859 (full 16811):
 garbage-first heap   total 86016K, used 25515K [0x00000000c0000000, 0x0000000100000000)
  region size 1024K, 1 young (1024K), 0 survivors (0K)
 Metaspace       used 46335K, committed 46720K, reserved 1089536K
  class space    used 6642K, committed 6784K, reserved 1048576K
}
Event: 171999.734 GC heap after
{Heap after GC invocations=16860 (full 16812):
 garbage-first heap   total 86016K, used 25515K [0x00000000c0000000, 0x0000000100000000)
  region size 1024K, 0 young (0K), 0 survivors (0K)
 Metaspace       used 46335K, committed 46720K, reserved 1089536K
  class space    used 6642K, committed 6784K, reserved 1048576K
}
Event: 172009.879 GC heap before
{Heap before GC invocations=16860 (full 16812):
 garbage-first heap   total 86016K, used 25515K [0x00000000c0000000, 0x0000000100000000)
  region size 1024K, 1 young (1024K), 0 survivors (0K)
 Metaspace       used 46335K, committed 46720K, reserved 1089536K
  class space    used 6642K, committed 6784K, reserved 1048576K
}
Event: 172009.914 GC heap after
{Heap after GC invocations=16861 (full 16813):
 garbage-first heap   total 86016K, used 25515K [0x00000000c0000000, 0x0000000100000000)
  region size 1024K, 0 young (0K), 0 survivors (0K)
 Metaspace       used 46335K, committed 46720K, reserved 1089536K
  class space    used 6642K, committed 6784K, reserved 1048576K
}
Event: 172020.078 GC heap before
{Heap before GC invocations=16861 (full 16813):
 garbage-first heap   total 86016K, used 25515K [0x00000000c0000000, 0x0000000100000000)
  region size 1024K, 1 young (1024K), 0 survivors (0K)
 Metaspace       used 46335K, committed 46720K, reserved 1089536K
  class space    used 6642K, committed 6784K, reserved 1048576K
}
Event: 172020.117 GC heap after
{Heap after GC invocations=16862 (full 16814):
 garbage-first heap   total 86016K, used 25515K [0x00000000c0000000, 0x0000000100000000)
  region size 1024K, 0 young (0K), 0 survivors (0K)
 Metaspace       used 46335K, committed 46720K, reserved 1089536K
  class space    used 6642K, committed 6784K, reserved 1048576K
}
Event: 172030.402 GC heap before
{Heap before GC invocations=16862 (full 16814):
 garbage-first heap   total 86016K, used 25515K [0x00000000c0000000, 0x0000000100000000)
  region size 1024K, 1 young (1024K), 0 survivors (0K)
 Metaspace       used 46335K, committed 46720K, reserved 1089536K
  class space    used 6642K, committed 6784K, reserved 1048576K
}
Event: 172030.624 GC heap after
{Heap after GC invocations=16863 (full 16815):
 garbage-first heap   total 86016K, used 25515K [0x00000000c0000000, 0x0000000100000000)
  region size 1024K, 0 young (0K), 0 survivors (0K)
 Metaspace       used 46335K, committed 46720K, reserved 1089536K
  class space    used 6642K, committed 6784K, reserved 1048576K
}
Event: 172040.794 GC heap before
{Heap before GC invocations=16863 (full 16815):
 garbage-first heap   total 86016K, used 25515K [0x00000000c0000000, 0x0000000100000000)
  region size 1024K, 1 young (1024K), 0 survivors (0K)
 Metaspace       used 46335K, committed 46720K, reserved 1089536K
  class space    used 6642K, committed 6784K, reserved 1048576K
}
Event: 172040.834 GC heap after
{Heap after GC invocations=16864 (full 16816):
 garbage-first heap   total 86016K, used 25515K [0x00000000c0000000, 0x0000000100000000)
  region size 1024K, 0 young (0K), 0 survivors (0K)
 Metaspace       used 46335K, committed 46720K, reserved 1089536K
  class space    used 6642K, committed 6784K, reserved 1048576K
}
Event: 172050.978 GC heap before
{Heap before GC invocations=16864 (full 16816):
 garbage-first heap   total 86016K, used 25515K [0x00000000c0000000, 0x0000000100000000)
  region size 1024K, 1 young (1024K), 0 survivors (0K)
 Metaspace       used 46335K, committed 46720K, reserved 1089536K
  class space    used 6642K, committed 6784K, reserved 1048576K
}
Event: 172051.015 GC heap after
{Heap after GC invocations=16865 (full 16817):
 garbage-first heap   total 86016K, used 25515K [0x00000000c0000000, 0x0000000100000000)
  region size 1024K, 0 young (0K), 0 survivors (0K)
 Metaspace       used 46335K, committed 46720K, reserved 1089536K
  class space    used 6642K, committed 6784K, reserved 1048576K
}

