# JRE version: OpenJDK Runtime Environment Temurin-17.0.6+10 (17.0.6+10) (build 17.0.6+10)
# Java VM: OpenJDK 64-Bit Server VM Temurin-17.0.6+10 (17.0.6+10, mixed mode, emulated-client, tiered, compressed oops, compressed class ptrs, g1 gc, windows-amd64)
GC Precious Log:
 CPUs: 4 total, 4 available
 Memory: 8086M
 Large Page Support: Disabled
 NUMA Support: Disabled
 Compressed Oops: Enabled (32-bit)
 Heap Region Size: 1M
 Heap Min Capacity: 8M
 Heap Initial Capacity: 128M
 Heap Max Capacity: 1G
 Pre-touch: Disabled
 Parallel Workers: 4
 Concurrent Workers: 1
 Concurrent Refinement Workers: 4
 Periodic GC: Disabled
Heap:
 garbage-first heap   total 48128K, used 14065K [0x00000000c0000000, 0x0000000100000000)
  region size 1024K, 1 young (1024K), 0 survivors (0K)
 Metaspace       used 34424K, committed 34880K, reserved 1081344K
  class space    used 4463K, committed 4672K, reserved 1048576K
GC Heap History (20 events):
Event: 590.275 GC heap before
{Heap before GC invocations=62 (full 53):
 garbage-first heap   total 48128K, used 14065K [0x00000000c0000000, 0x0000000100000000)
  region size 1024K, 1 young (1024K), 0 survivors (0K)
 Metaspace       used 34424K, committed 34880K, reserved 1081344K
  class space    used 4463K, committed 4672K, reserved 1048576K
}
Event: 590.292 GC heap after
{Heap after GC invocations=63 (full 54):
 garbage-first heap   total 48128K, used 14065K [0x00000000c0000000, 0x0000000100000000)
  region size 1024K, 0 young (0K), 0 survivors (0K)
 Metaspace       used 34424K, committed 34880K, reserved 1081344K
  class space    used 4463K, committed 4672K, reserved 1048576K
}
Event: 600.446 GC heap before
{Heap before GC invocations=63 (full 54):
 garbage-first heap   total 48128K, used 14065K [0x00000000c0000000, 0x0000000100000000)
  region size 1024K, 1 young (1024K), 0 survivors (0K)
 Metaspace       used 34424K, committed 34880K, reserved 1081344K
  class space    used 4463K, committed 4672K, reserved 1048576K
}
Event: 600.465 GC heap after
{Heap after GC invocations=64 (full 55):
 garbage-first heap   total 48128K, used 14065K [0x00000000c0000000, 0x0000000100000000)
  region size 1024K, 0 young (0K), 0 survivors (0K)
 Metaspace       used 34424K, committed 34880K, reserved 1081344K
  class space    used 4463K, committed 4672K, reserved 1048576K
}
Event: 610.628 GC heap before
{Heap before GC invocations=64 (full 55):
 garbage-first heap   total 48128K, used 14065K [0x00000000c0000000, 0x0000000100000000)
  region size 1024K, 1 young (1024K), 0 survivors (0K)
 Metaspace       used 34424K, committed 34880K, reserved 1081344K
  class space    used 4463K, committed 4672K, reserved 1048576K
}
Event: 610.647 GC heap after
{Heap after GC invocations=65 (full 56):
 garbage-first heap   total 48128K, used 14065K [0x00000000c0000000, 0x0000000100000000)
  region size 1024K, 0 young (0K), 0 survivors (0K)
 Metaspace       used 34424K, committed 34880K, reserved 1081344K
  class space    used 4463K, committed 4672K, reserved 1048576K
}
Event: 620.872 GC heap before
{Heap before GC invocations=65 (full 56):
 garbage-first heap   total 48128K, used 14065K [0x00000000c0000000, 0x0000000100000000)
  region size 1024K, 1 young (1024K), 0 survivors (0K)
 Metaspace       used 34424K, committed 34880K, reserved 1081344K
  class space    used 4463K, committed 4672K, reserved 1048576K
}
Event: 620.891 GC heap after
{Heap after GC invocations=66 (full 57):
 garbage-first heap   total 48128K, used 14065K [0x00000000c0000000, 0x0000000100000000)
  region size 1024K, 0 young (0K), 0 survivors (0K)
 Metaspace       used 34424K, committed 34880K, reserved 1081344K
  class space    used 4463K, committed 4672K, reserved 1048576K
}
Event: 631.077 GC heap before
{Heap before GC invocations=66 (full 57):
 garbage-first heap   total 48128K, used 14065K [0x00000000c0000000, 0x0000000100000000)
  region size 1024K, 1 young (1024K), 0 survivors (0K)
 Metaspace       used 34424K, committed 34880K, reserved 1081344K
  class space    used 4463K, committed 4672K, reserved 1048576K
}
Event: 631.096 GC heap after
{Heap after GC invocations=67 (full 58):
 garbage-first heap   total 48128K, used 14065K [0x00000000c0000000, 0x0000000100000000)
  region size 1024K, 0 young (0K), 0 survivors (0K)
 Metaspace       used 34424K, committed 34880K, reserved 1081344K
  class space    used 4463K, committed 4672K, reserved 1048576K
}
Event: 641.248 GC heap before
{Heap before GC invocations=67 (full 58):
 garbage-first heap   total 48128K, used 14065K [0x00000000c0000000, 0x0000000100000000)
  region size 1024K, 1 young (1024K), 0 survivors (0K)
 Metaspace       used 34424K, committed 34880K, reserved 1081344K
  class space    used 4463K, committed 4672K, reserved 1048576K
}
Event: 641.268 GC heap after
{Heap after GC invocations=68 (full 59):
 garbage-first heap   total 48128K, used 14065K [0x00000000c0000000, 0x0000000100000000)
  region size 1024K, 0 young (0K), 0 survivors (0K)
 Metaspace       used 34424K, committed 34880K, reserved 1081344K
  class space    used 4463K, committed 4672K, reserved 1048576K
}
Event: 651.424 GC heap before
{Heap before GC invocations=68 (full 59):
 garbage-first heap   total 48128K, used 14065K [0x00000000c0000000, 0x0000000100000000)
  region size 1024K, 1 young (1024K), 0 survivors (0K)
 Metaspace       used 34424K, committed 34880K, reserved 1081344K
  class space    used 4463K, committed 4672K, reserved 1048576K
}
Event: 651.442 GC heap after
{Heap after GC invocations=69 (full 60):
 garbage-first heap   total 48128K, used 14065K [0x00000000c0000000, 0x0000000100000000)
  region size 1024K, 0 young (0K), 0 survivors (0K)
 Metaspace       used 34424K, committed 34880K, reserved 1081344K
  class space    used 4463K, committed 4672K, reserved 1048576K
}
Event: 661.601 GC heap before
{Heap before GC invocations=69 (full 60):
 garbage-first heap   total 48128K, used 14065K [0x00000000c0000000, 0x0000000100000000)
  region size 1024K, 1 young (1024K), 0 survivors (0K)
 Metaspace       used 34424K, committed 34880K, reserved 1081344K
  class space    used 4463K, committed 4672K, reserved 1048576K
}
Event: 661.620 GC heap after
{Heap after GC invocations=70 (full 61):
 garbage-first heap   total 48128K, used 14065K [0x00000000c0000000, 0x0000000100000000)
  region size 1024K, 0 young (0K), 0 survivors (0K)
 Metaspace       used 34424K, committed 34880K, reserved 1081344K
  class space    used 4463K, committed 4672K, reserved 1048576K
}
Event: 671.778 GC heap before
{Heap before GC invocations=70 (full 61):
 garbage-first heap   total 48128K, used 14065K [0x00000000c0000000, 0x0000000100000000)
  region size 1024K, 1 young (1024K), 0 survivors (0K)
 Metaspace       used 34424K, committed 34880K, reserved 1081344K
  class space    used 4463K, committed 4672K, reserved 1048576K
}
Event: 671.798 GC heap after
{Heap after GC invocations=71 (full 62):
 garbage-first heap   total 48128K, used 14065K [0x00000000c0000000, 0x0000000100000000)
  region size 1024K, 0 young (0K), 0 survivors (0K)
 Metaspace       used 34424K, committed 34880K, reserved 1081344K
  class space    used 4463K, committed 4672K, reserved 1048576K
}
Event: 681.999 GC heap before
{Heap before GC invocations=71 (full 62):
 garbage-first heap   total 48128K, used 14065K [0x00000000c0000000, 0x0000000100000000)
  region size 1024K, 1 young (1024K), 0 survivors (0K)
 Metaspace       used 34424K, committed 34880K, reserved 1081344K
  class space    used 4463K, committed 4672K, reserved 1048576K
}
Event: 682.019 GC heap after
{Heap after GC invocations=72 (full 63):
 garbage-first heap   total 48128K, used 14065K [0x00000000c0000000, 0x0000000100000000)
  region size 1024K, 0 young (0K), 0 survivors (0K)
 Metaspace       used 34424K, committed 34880K, reserved 1081344K
  class space    used 4463K, committed 4672K, reserved 1048576K
}

